<?xml version="1.0" encoding="UTF-8"?>
<testng-results ignored="0" total="3" passed="3" failed="0" skipped="0">
  <reporter-output>
  </reporter-output>
  <suite started-at="2023-01-08T01:31:01 PST" name="TestNGBasic" finished-at="2023-01-08T01:32:15 PST" duration-ms="74192">
    <groups>
    </groups>
    <test started-at="2023-01-08T01:31:01 PST" name="ChromeTesting" finished-at="2023-01-08T01:32:15 PST" duration-ms="74192">
      <class name="com.grid.docker.BrowserTestUsingGridDocker">
        <test-method is-config="true" signature="tearDownGrid()[pri:0, instance:com.grid.docker.BrowserTestUsingGridDocker@479d31f3]" started-at="2023-01-08T01:31:01 PST" name="tearDownGrid" finished-at="2023-01-08T01:31:01 PST" duration-ms="12" status="PASS">
          <reporter-output>
          </reporter-output>
        </test-method> <!-- tearDownGrid -->
        <test-method signature="remoteEdgeDriverTest()[pri:0, instance:com.grid.docker.BrowserTestUsingGridDocker@479d31f3]" started-at="2023-01-08T01:31:01 PST" name="remoteEdgeDriverTest" finished-at="2023-01-08T01:32:15 PST" duration-ms="74154" status="PASS">
          <reporter-output>
          </reporter-output>
        </test-method> <!-- remoteEdgeDriverTest -->
        <test-method signature="remoteChromeDriverTest()[pri:0, instance:com.grid.docker.BrowserTestUsingGridDocker@479d31f3]" started-at="2023-01-08T01:31:01 PST" name="remoteChromeDriverTest" finished-at="2023-01-08T01:31:26 PST" duration-ms="25015" status="PASS">
          <reporter-output>
          </reporter-output>
        </test-method> <!-- remoteChromeDriverTest -->
        <test-method signature="remoteFirefoxDriverTest()[pri:0, instance:com.grid.docker.BrowserTestUsingGridDocker@479d31f3]" started-at="2023-01-08T01:31:01 PST" name="remoteFirefoxDriverTest" finished-at="2023-01-08T01:31:42 PST" duration-ms="40920" status="PASS">
          <reporter-output>
          </reporter-output>
        </test-method> <!-- remoteFirefoxDriverTest -->
        <test-method is-config="true" signature="setUpGrid()[pri:0, instance:com.grid.docker.BrowserTestUsingGridDocker@479d31f3]" started-at="2023-01-08T01:32:15 PST" name="setUpGrid" finished-at="2023-01-08T01:32:15 PST" duration-ms="1" status="PASS">
          <reporter-output>
          </reporter-output>
        </test-method> <!-- setUpGrid -->
      </class> <!-- com.grid.docker.BrowserTestUsingGridDocker -->
    </test> <!-- ChromeTesting -->
  </suite> <!-- TestNGBasic -->
</testng-results>
