<?xml version="1.0" encoding="UTF-8"?>
<!-- Generated by org.testng.reporters.JUnitXMLReporter -->
<testsuite ignored="0" hostname="Gayatri-LP" failures="0" tests="3" name="ChromeTesting" time="94.142" errors="0" timestamp="2023-01-07T23:56:18 PST">
  <testcase classname="com.grid.docker.BrowserTestUsingGridDocker" name="remoteChromeDriverTest" time="20.233"/>
  <testcase classname="com.grid.docker.BrowserTestUsingGridDocker" name="remoteFirefoxDriverTest" time="46.956"/>
  <testcase classname="com.grid.docker.BrowserTestUsingGridDocker" name="remoteEdgeDriverTest" time="94.103"/>
</testsuite> <!-- ChromeTesting -->
