<?xml version="1.0" encoding="UTF-8"?>
<!-- Generated by org.testng.reporters.JUnitXMLReporter -->
<testsuite ignored="0" hostname="Gayatri-LP" failures="0" tests="3" name="ChromeTesting" time="42.16" errors="0" timestamp="2023-01-10T18:21:55 PST">
  <testcase classname="com.grid.docker.BrowserTestUsingGridDocker" name="remoteFirefoxDriverTest" time="23.036"/>
  <testcase classname="com.grid.docker.BrowserTestUsingGridDocker" name="remoteChromeDriverTest" time="28.86"/>
  <testcase classname="com.grid.docker.BrowserTestUsingGridDocker" name="remoteEdgeDriverTest" time="42.133"/>
</testsuite> <!-- ChromeTesting -->
